<?xml version="1.0" encoding="UTF-8" ?>
<testsuite failures="0" time="0.002" errors="0" skipped="0" tests="1" name="com.mycompany.app.AppTest">
  <properties>
    <property name="java.vendor" value="Oracle Corporation"/>
    <property name="JOB_NAME" value="maven-test"/>
    <property name="PWD" value="/"/>
    <property name="sun.java.launcher" value="SUN_STANDARD"/>
    <property name="sun.management.compiler" value="HotSpot 64-Bit Tiered Compilers"/>
    <property name="JENKINS_HOME" value="/var/lib/jenkins"/>
    <property name="PATH" value="/sbin:/usr/sbin:/bin:/usr/bin"/>
    <property name="HUDSON_SERVER_COOKIE" value="370d5f25f9a5be6b"/>
    <property name="POM_ARTIFACTID" value="my-app"/>
    <property name="os.name" value="Linux"/>
    <property name="sun.boot.class.path" value="/usr/lib/jvm/java-1.7.0-openjdk-1.7.0.65-2.5.1.2.el7_0.x86_64/jre/lib/resources.jar:/usr/lib/jvm/java-1.7.0-openjdk-1.7.0.65-2.5.1.2.el7_0.x86_64/jre/lib/rt.jar:/usr/lib/jvm/java-1.7.0-openjdk-1.7.0.65-2.5.1.2.el7_0.x86_64/jre/lib/sunrsasign.jar:/usr/lib/jvm/java-1.7.0-openjdk-1.7.0.65-2.5.1.2.el7_0.x86_64/jre/lib/jsse.jar:/usr/lib/jvm/java-1.7.0-openjdk-1.7.0.65-2.5.1.2.el7_0.x86_64/jre/lib/jce.jar:/usr/lib/jvm/java-1.7.0-openjdk-1.7.0.65-2.5.1.2.el7_0.x86_64/jre/lib/charsets.jar:/usr/lib/jvm/java-1.7.0-openjdk-1.7.0.65-2.5.1.2.el7_0.x86_64/jre/lib/rhino.jar:/usr/lib/jvm/java-1.7.0-openjdk-1.7.0.65-2.5.1.2.el7_0.x86_64/jre/lib/jfr.jar:/usr/lib/jvm/java-1.7.0-openjdk-1.7.0.65-2.5.1.2.el7_0.x86_64/jre/classes"/>
    <property name="EXECUTOR_NUMBER" value="0"/>
    <property name="java.vm.specification.vendor" value="Oracle Corporation"/>
    <property name="POM_DISPLAYNAME" value="my-app"/>
    <property name="NODE_LABELS" value="master"/>
    <property name="java.runtime.version" value="1.7.0_65-mockbuild_2014_07_16_10_58-b00"/>
    <property name="user.name" value="root"/>
    <property name="guice.disable.misplaced.annotation.check" value="true"/>
    <property name="user.language" value="en"/>
    <property name="BUILD_DISPLAY_NAME" value="#32"/>
    <property name="sun.boot.library.path" value="/usr/lib/jvm/java-1.7.0-openjdk-1.7.0.65-2.5.1.2.el7_0.x86_64/jre/lib/amd64"/>
    <property name="java.version" value="1.7.0_65"/>
    <property name="user.timezone" value="America/New_York"/>
    <property name="sun.arch.data.model" value="64"/>
    <property name="NODE_NAME" value="master"/>
    <property name="NLSPATH" value="/usr/dt/lib/nls/msg/%L/%N.cat"/>
    <property name="java.endorsed.dirs" value="/usr/lib/jvm/java-1.7.0-openjdk-1.7.0.65-2.5.1.2.el7_0.x86_64/jre/lib/endorsed"/>
    <property name="BUILD_ID" value="2014-08-11_06-12-48"/>
    <property name="sun.cpu.isalist" value=""/>
    <property name="sun.jnu.encoding" value="UTF-8"/>
    <property name="file.encoding.pkg" value="sun.io"/>
    <property name="SHELL" value="/bin/bash"/>
    <property name="file.separator" value="/"/>
    <property name="java.specification.name" value="Java Platform API Specification"/>
    <property name="java.class.version" value="51.0"/>
    <property name="org.slf4j.simpleLogger.defaultLogLevel" value="info"/>
    <property name="user.country" value="US"/>
    <property name="securerandom.source" value="file:/dev/./urandom"/>
    <property name="java.home" value="/usr/lib/jvm/java-1.7.0-openjdk-1.7.0.65-2.5.1.2.el7_0.x86_64/jre"/>
    <property name="java.vm.info" value="mixed mode"/>
    <property name="os.version" value="3.10.0-123.el7.x86_64"/>
    <property name="POM_VERSION" value="1.0-SNAPSHOT"/>
    <property name="sun.font.fontmanager" value="sun.awt.X11FontManager"/>
    <property name="path.separator" value=":"/>
    <property name="java.vm.version" value="24.65-b04"/>
    <property name="GIT_PREVIOUS_COMMIT" value="841735564725a7b8817bceb4773c9a230e0b73b7"/>
    <property name="SHLVL" value="2"/>
    <property name="java.awt.printerjob" value="sun.print.PSPrinterJob"/>
    <property name="sun.io.unicode.encoding" value="UnicodeLittle"/>
    <property name="awt.toolkit" value="sun.awt.X11.XToolkit"/>
    <property name="POM_PACKAGING" value="jar"/>
    <property name="HOME" value="/root"/>
    <property name="POM_GROUPID" value="com.mycompany.app"/>
    <property name="user.home" value="/root"/>
    <property name="BUILD_TAG" value="jenkins-maven-test-32"/>
    <property name="JENKINS_SERVER_COOKIE" value="370d5f25f9a5be6b"/>
    <property name="HUDSON_URL" value="http://104.131.198.22:8080/"/>
    <property name="java.specification.vendor" value="Oracle Corporation"/>
    <property name="CLASSPATH" value=""/>
    <property name="java.library.path" value="/usr/java/packages/lib/amd64:/usr/lib64:/lib64:/lib:/usr/lib"/>
    <property name="java.vendor.url" value="http://java.oracle.com/"/>
    <property name="java.vm.vendor" value="Oracle Corporation"/>
    <property name="maven.home" value="/var/lib/jenkins/tools/hudson.tasks.Maven_MavenInstallation/Default"/>
    <property name="java.runtime.name" value="OpenJDK Runtime Environment"/>
    <property name="sun.java.command" value="jenkins.maven3.agent.Maven31Main /var/lib/jenkins/tools/hudson.tasks.Maven_MavenInstallation/Default /var/cache/jenkins/war/WEB-INF/lib/remoting-2.43.jar /var/lib/jenkins/plugins/maven-plugin/WEB-INF/lib/maven31-interceptor-1.5.jar /var/lib/jenkins/plugins/maven-plugin/WEB-INF/lib/maven3-interceptor-commons-1.5.jar 51943"/>
    <property name="java.class.path" value="/var/lib/jenkins/plugins/maven-plugin/WEB-INF/lib/maven31-agent-1.5.jar:/var/lib/jenkins/tools/hudson.tasks.Maven_MavenInstallation/Default/boot/plexus-classworlds-2.5.1.jar:/var/lib/jenkins/tools/hudson.tasks.Maven_MavenInstallation/Default/conf/logging"/>
    <property name="java.vm.specification.name" value="Java Virtual Machine Specification"/>
    <property name="java.vm.specification.version" value="1.7"/>
    <property name="sun.cpu.endian" value="little"/>
    <property name="M2_HOME" value="/var/lib/jenkins/tools/hudson.tasks.Maven_MavenInstallation/Default"/>
    <property name="sun.os.patch.level" value="unknown"/>
    <property name="java.io.tmpdir" value="/tmp"/>
    <property name="HUDSON_HOME" value="/var/lib/jenkins"/>
    <property name="PATH+MAVEN" value="/var/lib/jenkins/tools/hudson.tasks.Maven_MavenInstallation/Default/bin"/>
    <property name="BUILD_URL" value="http://104.131.198.22:8080/job/maven-test/32/"/>
    <property name="java.vendor.url.bug" value="http://bugreport.sun.com/bugreport/"/>
    <property name="java.awt.graphicsenv" value="sun.awt.X11GraphicsEnvironment"/>
    <property name="os.arch" value="amd64"/>
    <property name="java.ext.dirs" value="/usr/lib/jvm/java-1.7.0-openjdk-1.7.0.65-2.5.1.2.el7_0.x86_64/jre/lib/ext:/usr/java/packages/lib/ext"/>
    <property name="user.dir" value="/var/lib/jenkins/jobs/maven-test/workspace"/>
    <property name="JOB_URL" value="http://104.131.198.22:8080/job/maven-test/"/>
    <property name="line.separator" value="
"/>
    <property name="MAVEN_HOME" value="/var/lib/jenkins/tools/hudson.tasks.Maven_MavenInstallation/Default"/>
    <property name="java.vm.name" value="OpenJDK 64-Bit Server VM"/>
    <property name="BUILD_NUMBER" value="32"/>
    <property name="JENKINS_URL" value="http://104.131.198.22:8080/"/>
    <property name="GIT_BRANCH" value="RepoName/master"/>
    <property name="GIT_COMMIT" value="841735564725a7b8817bceb4773c9a230e0b73b7"/>
    <property name="file.encoding" value="UTF-8"/>
    <property name="LANG" value="en_US.UTF-8"/>
    <property name="maven3.interceptor" value="/var/lib/jenkins/plugins/maven-plugin/WEB-INF/lib/maven31-interceptor-1.5.jar"/>
    <property name="WORKSPACE" value="/var/lib/jenkins/jobs/maven-test/workspace"/>
    <property name="maven3.interceptor.common" value="/var/lib/jenkins/plugins/maven-plugin/WEB-INF/lib/maven3-interceptor-commons-1.5.jar"/>
    <property name="java.specification.version" value="1.7"/>
    <property name="GIT_URL" value="https://github.com/hiwanghongjun/java.git"/>
    <property name="XFILESEARCHPATH" value="/usr/dt/app-defaults/%L/Dt"/>
  </properties>
  <testcase time="0.002" classname="com.mycompany.app.AppTest" name="testApp"/>
</testsuite>